<?xml version="1.0" encoding="UTF-8"?>
<!-- Generated by org.testng.reporters.JUnitReportReporter -->
<testsuite skipped="0" hostname="LAPTOP-Q18VUQ5U" name="org.com.automation.practise.test111" tests="1" failures="0" timestamp="24 Apr 2020 13:07:31 GMT" time="0.031" errors="0">
  <testcase name="test1" time="0.031" classname="org.com.automation.practise.test111"/>
</testsuite> <!-- org.com.automation.practise.test111 -->
