<?xml version="1.0" encoding="UTF-8"?>
<!-- Generated by org.testng.reporters.JUnitReportReporter -->
<testsuite hostname="Sagar-JALinux" name="concpets.Recursion" tests="1" failures="0" timestamp="2 Aug 2021 10:24:10 GMT" time="0.008" errors="0">
  <testcase name="test" time="0.008" classname="concpets.Recursion"/>
</testsuite> <!-- concpets.Recursion -->
