<?xml version="1.0" encoding="UTF-8"?>
<!-- Generated by org.testng.reporters.JUnitReportReporter -->
<testsuite skipped="0" hostname="comp-Lenovo-V110-15ISK" name="sortAlgorithms.BubbleSort" tests="1" failures="0" timestamp="2021-07-17T15:56:14 IST" time="0.010" errors="0">
  <testcase name="test1" time="0.010" classname="sortAlgorithms.BubbleSort"/>
  <system-out/>
</testsuite> <!-- sortAlgorithms.BubbleSort -->
