<?xml version="1.0" encoding="UTF-8"?>
<!-- Generated by org.testng.reporters.JUnitReportReporter -->
<testsuite skipped="0" hostname="LAPTOP-Q18VUQ5U" name="tests.Test5" tests="1" failures="0" timestamp="27 May 2020 11:17:31 GMT" time="1.197" errors="0">
  <testcase name="test3" time="1.197" classname="tests.Test5"/>
</testsuite> <!-- tests.Test5 -->
