<?xml version="1.0" encoding="UTF-8"?>
<!-- Generated by org.testng.reporters.JUnitReportReporter -->
<testsuite hostname="Sagar-JALinux" name="org.com.automation.practise.Temp" tests="1" failures="0" timestamp="5 Aug 2021 10:18:59 GMT" time="8.939" errors="0">
  <testcase name="test6" time="8.939" classname="org.com.automation.practise.Temp"/>
</testsuite> <!-- org.com.automation.practise.Temp -->
