<?xml version="1.0" encoding="UTF-8"?>
<!-- Generated by org.testng.reporters.JUnitReportReporter -->
<testsuite hostname="Sagar-JALinux" name="sortAlgorithms.temp2" tests="1" failures="0" timestamp="4 Aug 2021 11:10:35 GMT" time="0.009" errors="0">
  <testcase name="test2" time="0.009" classname="sortAlgorithms.temp2"/>
</testsuite> <!-- sortAlgorithms.temp2 -->
