<?xml version="1.0" encoding="UTF-8"?>
<!-- Generated by org.testng.reporters.JUnitReportReporter -->
<testsuite skipped="0" hostname="comp-Lenovo-V110-15ISK" name="stacks.Main" tests="1" failures="0" timestamp="2021-07-09T18:48:09 IST" time="0.011" errors="0">
  <testcase name="test" time="0.011" classname="stacks.Main"/>
  <system-out/>
</testsuite> <!-- stacks.Main -->
