<?xml version="1.0" encoding="UTF-8"?>
<!-- Generated by org.testng.reporters.JUnitReportReporter -->
<testsuite skipped="0" hostname="comp-Lenovo-V110-15ISK" name="sortAlgorithms.SelectionSort" tests="1" failures="0" timestamp="2021-07-21T15:30:39 IST" time="0.011" errors="0">
  <testcase name="test1" time="0.011" classname="sortAlgorithms.SelectionSort"/>
  <system-out/>
</testsuite> <!-- sortAlgorithms.SelectionSort -->
