<?xml version="1.0" encoding="UTF-8"?>
<!-- Generated by org.testng.reporters.JUnitReportReporter -->
<testsuite skipped="0" hostname="comp-Lenovo-V110-15ISK" name="interviewCodes.PatternPrograms" tests="2" failures="0" timestamp="2021-04-29T15:39:19 IST" time="0.021" errors="0">
  <testcase name="test43" time="0.006" classname="interviewCodes.PatternPrograms"/>
  <system-out/>
  <testcase name="test43" time="0.015" classname="interviewCodes.PatternPrograms"/>
  <system-out/>
</testsuite> <!-- interviewCodes.PatternPrograms -->
