<?xml version="1.0" encoding="UTF-8"?>
<!-- Generated by org.testng.reporters.JUnitReportReporter -->
<testsuite skipped="0" hostname="comp-Lenovo-V110-15ISK" name="interviewCodes.PatternPrograms" tests="1" failures="0" timestamp="2021-06-30T14:09:19 IST" time="0.013" errors="0">
  <testcase name="test20" time="0.013" classname="interviewCodes.PatternPrograms"/>
  <system-out/>
</testsuite> <!-- interviewCodes.PatternPrograms -->
