<?xml version="1.0" encoding="UTF-8"?>
<!-- Generated by org.testng.reporters.JUnitReportReporter -->
<testsuite hostname="Sagar-JALinux" name="sortAlgorithms.QuickSort" tests="1" failures="0" timestamp="1 Aug 2021 06:47:48 GMT" time="0.007" errors="0">
  <testcase name="main" time="0.007" classname="sortAlgorithms.QuickSort"/>
</testsuite> <!-- sortAlgorithms.QuickSort -->
