<?xml version="1.0" encoding="UTF-8"?>
<!-- Generated by org.testng.reporters.JUnitReportReporter -->
<testsuite skipped="0" hostname="comp-Lenovo-V110-15ISK" name="trees.Main" tests="1" failures="0" timestamp="2021-07-13T19:41:40 IST" time="0.015" errors="0">
  <testcase name="test1" time="0.015" classname="trees.Main"/>
  <system-out/>
</testsuite> <!-- trees.Main -->
