<?xml version="1.0" encoding="UTF-8"?>
<!-- Generated by org.testng.reporters.JUnitReportReporter -->
<testsuite skipped="0" hostname="comp-Lenovo-V110-15ISK" name="interviewCodes.Array" tests="1" failures="0" timestamp="2021-07-05T14:36:13 IST" time="0.014" errors="0">
  <testcase name="test20" time="0.014" classname="interviewCodes.Array"/>
  <system-out/>
</testsuite> <!-- interviewCodes.Array -->
