<?xml version="1.0" encoding="UTF-8"?>
<!-- Generated by org.testng.reporters.JUnitReportReporter -->
<testsuite skipped="0" hostname="comp-Lenovo-V110-15ISK" name="searchAlgorithms.BinarySearch" tests="1" failures="0" timestamp="2021-07-13T11:58:14 IST" time="0.013" errors="0">
  <testcase name="test1" time="0.013" classname="searchAlgorithms.BinarySearch"/>
  <system-out/>
</testsuite> <!-- searchAlgorithms.BinarySearch -->
