<?xml version="1.0" encoding="UTF-8"?>
<!-- Generated by org.testng.reporters.JUnitReportReporter -->
<testsuite hostname="Sagar-JALinux" name="sortAlgorithms.Main" tests="1" failures="0" timestamp="4 Aug 2021 06:25:12 GMT" time="0.009" errors="0">
  <testcase name="run1" time="0.009" classname="sortAlgorithms.Main"/>
</testsuite> <!-- sortAlgorithms.Main -->
