<?xml version="1.0" encoding="UTF-8"?>
<!-- Generated by org.testng.reporters.JUnitReportReporter -->
<testsuite hostname="Sagar-JALinux" name="sortAlgorithms.temp" tests="1" failures="0" timestamp="3 Aug 2021 10:04:55 GMT" time="0.009" errors="0">
  <testcase name="test2" time="0.009" classname="sortAlgorithms.temp"/>
</testsuite> <!-- sortAlgorithms.temp -->
