<?xml version="1.0" encoding="UTF-8"?>
<!-- Generated by org.testng.reporters.JUnitReportReporter -->
<testsuite skipped="0" hostname="LAPTOP-Q18VUQ5U" name="org.com.automation.practise.C2" tests="1" failures="0" timestamp="13 Apr 2020 12:31:27 GMT" time="0.016" errors="0">
  <testcase name="test2" time="0.016" classname="org.com.automation.practise.C2"/>
</testsuite> <!-- org.com.automation.practise.C2 -->
