<?xml version="1.0" encoding="UTF-8"?>
<!-- Generated by org.testng.reporters.JUnitReportReporter -->
<testsuite skipped="22" hostname="comp-Lenovo-V110-15ISK" name="org.com.automation.practise.pattern_programing" tests="23" failures="0" timestamp="2021-03-28T17:56:13 IST" time="0.012" errors="0">
  <testcase name="test22" time="0.012" classname="org.com.automation.practise.pattern_programing"/>
  <system-out/>
  <testcase name="test9" classname="org.com.automation.practise.pattern_programing">
    <skipped/>
  </testcase> <!-- test9 -->
  <system-out/>
  <testcase name="test3" classname="org.com.automation.practise.pattern_programing">
    <skipped/>
  </testcase> <!-- test3 -->
  <system-out/>
  <testcase name="test4" classname="org.com.automation.practise.pattern_programing">
    <skipped/>
  </testcase> <!-- test4 -->
  <system-out/>
  <testcase name="test1" classname="org.com.automation.practise.pattern_programing">
    <skipped/>
  </testcase> <!-- test1 -->
  <system-out/>
  <testcase name="test2" classname="org.com.automation.practise.pattern_programing">
    <skipped/>
  </testcase> <!-- test2 -->
  <system-out/>
  <testcase name="test7" classname="org.com.automation.practise.pattern_programing">
    <skipped/>
  </testcase> <!-- test7 -->
  <system-out/>
  <testcase name="test8" classname="org.com.automation.practise.pattern_programing">
    <skipped/>
  </testcase> <!-- test8 -->
  <system-out/>
  <testcase name="test5" classname="org.com.automation.practise.pattern_programing">
    <skipped/>
  </testcase> <!-- test5 -->
  <system-out/>
  <testcase name="test6" classname="org.com.automation.practise.pattern_programing">
    <skipped/>
  </testcase> <!-- test6 -->
  <system-out/>
  <testcase name="test19" classname="org.com.automation.practise.pattern_programing">
    <skipped/>
  </testcase> <!-- test19 -->
  <system-out/>
  <testcase name="test18" classname="org.com.automation.practise.pattern_programing">
    <skipped/>
  </testcase> <!-- test18 -->
  <system-out/>
  <testcase name="test17" classname="org.com.automation.practise.pattern_programing">
    <skipped/>
  </testcase> <!-- test17 -->
  <system-out/>
  <testcase name="test16" classname="org.com.automation.practise.pattern_programing">
    <skipped/>
  </testcase> <!-- test16 -->
  <system-out/>
  <testcase name="test15" classname="org.com.automation.practise.pattern_programing">
    <skipped/>
  </testcase> <!-- test15 -->
  <system-out/>
  <testcase name="test14" classname="org.com.automation.practise.pattern_programing">
    <skipped/>
  </testcase> <!-- test14 -->
  <system-out/>
  <testcase name="test13" classname="org.com.automation.practise.pattern_programing">
    <skipped/>
  </testcase> <!-- test13 -->
  <system-out/>
  <testcase name="test12" classname="org.com.automation.practise.pattern_programing">
    <skipped/>
  </testcase> <!-- test12 -->
  <system-out/>
  <testcase name="test23" classname="org.com.automation.practise.pattern_programing">
    <skipped/>
  </testcase> <!-- test23 -->
  <system-out/>
  <testcase name="test11" classname="org.com.automation.practise.pattern_programing">
    <skipped/>
  </testcase> <!-- test11 -->
  <system-out/>
  <testcase name="test10" classname="org.com.automation.practise.pattern_programing">
    <skipped/>
  </testcase> <!-- test10 -->
  <system-out/>
  <testcase name="test21" classname="org.com.automation.practise.pattern_programing">
    <skipped/>
  </testcase> <!-- test21 -->
  <system-out/>
  <testcase name="test20" classname="org.com.automation.practise.pattern_programing">
    <skipped/>
  </testcase> <!-- test20 -->
  <system-out/>
</testsuite> <!-- org.com.automation.practise.pattern_programing -->
