<?xml version="1.0" encoding="UTF-8"?>
<!-- Generated by org.testng.reporters.JUnitReportReporter -->
<testsuite skipped="0" hostname="comp-Lenovo-V110-15ISK" name="interviewCodes.Delete" tests="1" failures="0" timestamp="2021-03-27T20:53:07 IST" time="10.100" errors="0">
  <testcase name="test27" time="10.100" classname="interviewCodes.Delete"/>
  <system-out/>
</testsuite> <!-- interviewCodes.Delete -->
