<?xml version="1.0" encoding="UTF-8"?>
<!-- Generated by org.testng.reporters.JUnitReportReporter -->
<testsuite hostname="Sagar-JALinux" name="tests.ChinmayProject" tests="1" failures="0" timestamp="8 Jan 2022 08:59:42 GMT" time="13.672" errors="0">
  <testcase name="test1" time="13.672" classname="tests.ChinmayProject"/>
</testsuite> <!-- tests.ChinmayProject -->
