<?xml version="1.0" encoding="UTF-8"?>
<!-- Generated by org.testng.reporters.JUnitReportReporter -->
<testsuite skipped="0" hostname="comp-Lenovo-V110-15ISK" name="dataStructure.Main1" tests="1" failures="0" timestamp="2021-07-08T23:50:37 IST" time="0.014" errors="0">
  <testcase name="run" time="0.014" classname="dataStructure.Main1"/>
  <system-out/>
</testsuite> <!-- dataStructure.Main1 -->
