<?xml version="1.0" encoding="UTF-8"?>
<!-- Generated by org.testng.reporters.JUnitReportReporter -->
<testsuite skipped="0" hostname="comp-Lenovo-V110-15ISK" name="dataStructure.Array" tests="1" failures="0" timestamp="2021-07-20T00:04:52 IST" time="0.010" errors="0">
  <testcase name="test53" time="0.010" classname="dataStructure.Array"/>
  <system-out/>
</testsuite> <!-- dataStructure.Array -->
