<?xml version="1.0" encoding="UTF-8"?>
<!-- Generated by org.testng.reporters.JUnitReportReporter -->
<testsuite skipped="0" hostname="comp-Lenovo-V110-15ISK" name="hashtables.Main" tests="1" failures="0" timestamp="2021-07-12T22:31:08 IST" time="0.012" errors="0">
  <testcase name="test3" time="0.012" classname="hashtables.Main"/>
  <system-out/>
</testsuite> <!-- hashtables.Main -->
