<?xml version="1.0" encoding="UTF-8"?>
<!-- Generated by org.testng.reporters.JUnitReportReporter -->
<testsuite skipped="0" hostname="comp-Lenovo-V110-15ISK" name="designpatterns.Main" tests="1" failures="0" timestamp="2021-07-22T16:02:51 IST" time="0.015" errors="0">
  <testcase name="run1" time="0.015" classname="designpatterns.Main"/>
  <system-out/>
</testsuite> <!-- designpatterns.Main -->
