<?xml version="1.0" encoding="UTF-8"?>
<!-- Generated by org.testng.reporters.JUnitReportReporter -->
<testsuite skipped="0" hostname="comp-Lenovo-V110-15ISK" name="interviewCodes.SinglyLinkedList" tests="1" failures="0" timestamp="2021-07-07T16:59:04 IST" time="0.011" errors="0">
  <testcase name="test" time="0.011" classname="interviewCodes.SinglyLinkedList"/>
  <system-out/>
</testsuite> <!-- interviewCodes.SinglyLinkedList -->
