<?xml version="1.0" encoding="UTF-8"?>
<!-- Generated by org.testng.reporters.JUnitReportReporter -->
<testsuite skipped="0" hostname="LAPTOP-Q18VUQ5U" name="tests.Test3" tests="1" failures="0" timestamp="15 Feb 2020 05:40:02 GMT" time="0.015" errors="0">
  <testcase name="run3" time="0.015" classname="tests.Test3"/>
</testsuite> <!-- tests.Test3 -->
