<?xml version="1.0" encoding="UTF-8"?>
<!-- Generated by org.testng.reporters.JUnitReportReporter -->
<testsuite skipped="0" hostname="comp-Lenovo-V110-15ISK" name="sortAlgorithms.InsertionSort" tests="1" failures="0" timestamp="2021-07-23T00:17:10 IST" time="0.013" errors="0">
  <testcase name="test2" time="0.013" classname="sortAlgorithms.InsertionSort"/>
  <system-out/>
</testsuite> <!-- sortAlgorithms.InsertionSort -->
