<?xml version="1.0" encoding="UTF-8"?>
<!-- Generated by org.testng.reporters.JUnitReportReporter -->
<testsuite skipped="0" hostname="comp-Lenovo-V110-15ISK" name="interviewCodes.Arrays" tests="1" failures="0" timestamp="2021-07-02T16:43:52 IST" time="0.012" errors="0">
  <testcase name="test1" time="0.012" classname="interviewCodes.Arrays"/>
  <system-out/>
</testsuite> <!-- interviewCodes.Arrays -->
