<?xml version="1.0" encoding="UTF-8"?>
<!-- Generated by org.testng.reporters.JUnitReportReporter -->
<testsuite skipped="0" hostname="comp-Lenovo-V110-15ISK" name="interviewCodes.SinglyLinked" tests="1" failures="0" timestamp="2021-07-07T16:58:50 IST" time="0.012" errors="0">
  <testcase name="test" time="0.012" classname="interviewCodes.SinglyLinked"/>
  <system-out/>
</testsuite> <!-- interviewCodes.SinglyLinked -->
