<?xml version="1.0" encoding="UTF-8"?>
<!-- Generated by org.testng.reporters.JUnitReportReporter -->
<testsuite skipped="0" hostname="comp-Lenovo-V110-15ISK" name="searchAlgorithms.BinarySearch" tests="1" failures="0" timestamp="2021-07-21T11:46:54 IST" time="0.010" errors="0">
  <testcase name="test1" time="0.010" classname="searchAlgorithms.BinarySearch"/>
  <system-out/>
</testsuite> <!-- searchAlgorithms.BinarySearch -->
