<?xml version="1.0" encoding="UTF-8"?>
<!-- Generated by org.testng.reporters.JUnitReportReporter -->
<testsuite skipped="0" hostname="comp-Lenovo-V110-15ISK" name="interviewCodes.T2" tests="1" failures="0" timestamp="2021-07-02T20:33:45 IST" time="0.013" errors="0">
  <testcase name="run" time="0.013" classname="interviewCodes.T2"/>
  <system-out/>
</testsuite> <!-- interviewCodes.T2 -->
