<?xml version="1.0" encoding="UTF-8"?>
<!-- Generated by org.testng.reporters.JUnitReportReporter -->
<testsuite hostname="Sagar-JALinux" name="interviewCodes.Delete" tests="1" failures="0" timestamp="21 Aug 2022 08:10:44 GMT" time="0.010" errors="0">
  <testcase name="test6" time="0.010" classname="interviewCodes.Delete"/>
</testsuite> <!-- interviewCodes.Delete -->
