<?xml version="1.0" encoding="UTF-8"?>
<!-- Generated by org.testng.reporters.JUnitReportReporter -->
<testsuite skipped="0" hostname="comp-Lenovo-V110-15ISK" name="dataStructure.temp" tests="1" failures="0" timestamp="2021-07-21T15:35:17 IST" time="0.013" errors="0">
  <testcase name="test26" time="0.013" classname="dataStructure.temp"/>
  <system-out/>
</testsuite> <!-- dataStructure.temp -->
