<?xml version="1.0" encoding="UTF-8"?>
<!-- Generated by org.testng.reporters.JUnitReportReporter -->
<testsuite skipped="0" hostname="comp-Lenovo-V110-15ISK" name="interviewCodes.InterviewCodes" tests="1" failures="0" timestamp="2021-03-11T14:37:32 IST" time="0.012" errors="0">
  <testcase name="test96" time="0.012" classname="interviewCodes.InterviewCodes"/>
  <system-out/>
</testsuite> <!-- interviewCodes.InterviewCodes -->
