<?xml version="1.0" encoding="UTF-8"?>
<!-- Generated by org.testng.reporters.JUnitReportReporter -->
<testsuite skipped="0" hostname="comp-Lenovo-V110-15ISK" name="dataStructure.temp" tests="1" failures="0" timestamp="2021-07-23T12:30:26 IST" time="0.017" errors="0">
  <testcase name="test29" time="0.017" classname="dataStructure.temp"/>
  <system-out/>
</testsuite> <!-- dataStructure.temp -->
