<?xml version="1.0" encoding="UTF-8"?>
<!-- Generated by org.testng.reporters.JUnitReportReporter -->
<testsuite skipped="0" hostname="comp-Lenovo-V110-15ISK" name="queue.Main" tests="2" failures="0" timestamp="2021-07-19T16:59:10 IST" time="0.016" errors="0">
  <testcase name="test" time="0.013" classname="queue.Main"/>
  <system-out/>
  <testcase name="test2" time="0.003" classname="queue.Main"/>
  <system-out/>
</testsuite> <!-- queue.Main -->
