<?xml version="1.0" encoding="UTF-8"?>
<!-- Generated by org.testng.reporters.JUnitReportReporter -->
<testsuite skipped="0" hostname="LAPTOP-Q18VUQ5U" name="tests.Test8" tests="1" failures="0" timestamp="14 Mar 2020 06:18:33 GMT" time="11.769" errors="0">
  <testcase name="test2" time="11.769" classname="tests.Test8"/>
</testsuite> <!-- tests.Test8 -->
