<?xml version="1.0" encoding="UTF-8"?>
<!-- Generated by org.testng.reporters.JUnitReportReporter -->
<testsuite skipped="0" hostname="comp-Lenovo-V110-15ISK" name="interviewCodes.InterviewCodes" tests="1" failures="0" timestamp="2021-04-03T19:11:08 IST" time="0.015" errors="0">
  <testcase name="test100" time="0.015" classname="interviewCodes.InterviewCodes"/>
  <system-out/>
</testsuite> <!-- interviewCodes.InterviewCodes -->
